#
# There is insufficient memory for the Java Runtime Environment to continue.
# Native memory allocation (malloc) failed to allocate 1048576 bytes for AllocateHeap
# Possible reasons:
#   The system is out of physical RAM or swap space
#   The process is running with CompressedOops enabled, and the Java Heap may be blocking the growth of the native heap
# Possible solutions:
#   Reduce memory load on the system
#   Increase physical memory or swap space
#   Check if swap backing store is full
#   Decrease Java heap size (-Xmx/-Xms)
#   Decrease number of Java threads
#   Decrease Java thread stack sizes (-Xss)
#   Set larger code cache with -XX:ReservedCodeCacheSize=
#   JVM is running with Unscaled Compressed Oops mode in which the Java heap is
#     placed in the first 4GB address space. The Java Heap base address is the
#     maximum limit for the native heap growth. Please use -XX:HeapBaseMinAddress
#     to set the Java Heap base and to place the Java Heap above 4GB virtual address.
# This output file may be truncated or incomplete.
#
#  Out of Memory Error (./open/src/hotspot/share/memory/allocation.cpp:44), pid=8372, tid=3100
#
# JRE version:  (14.0.1+7) (build )
# Java VM: Java HotSpot(TM) 64-Bit Server VM (14.0.1+7, mixed mode, sharing, tiered, compressed oops, g1 gc, windows-amd64)
# No core dump will be written. Minidumps are not enabled by default on client versions of Windows
#

---------------  S U M M A R Y ------------

Command Line: -Dfile.encoding=UTF-8 -XX:+ShowCodeDetailsInExceptionMessages projetoCarrinho.CarrinhoDeCompras

Host: Intel(R) Core(TM) i5-7200U CPU @ 2.50GHz, 4 cores, 3G,  Windows 10 , 64 bit Build 19041 (10.0.19041.292)
Time: Sun Oct 11 22:01:48 2020 Hora oficial do Brasil elapsed time: 0 seconds (0d 0h 0m 0s)

---------------  T H R E A D  ---------------

Current thread (0x00000268d7964000):  JavaThread "Unknown thread" [_thread_in_vm, id=3100, stack(0x000000f328200000,0x000000f328300000)]

Stack: [0x000000f328200000,0x000000f328300000]
Native frames: (J=compiled Java code, j=interpreted, Vv=VM code, C=native code)
V  [jvm.dll+0x5f840a]
V  [jvm.dll+0x741e4a]
V  [jvm.dll+0x7435ff]
V  [jvm.dll+0x743c43]
V  [jvm.dll+0x20d288]
V  [jvm.dll+0xa2b2f]
V  [jvm.dll+0x2a97f3]
V  [jvm.dll+0x2a1a3c]
V  [jvm.dll+0x71f718]
V  [jvm.dll+0x321c44]
V  [jvm.dll+0x700b0c]
V  [jvm.dll+0x392dff]
V  [jvm.dll+0x394e71]
C  [jli.dll+0x523b]
C  [ucrtbase.dll+0x214c2]
C  [KERNEL32.DLL+0x16fd4]
C  [ntdll.dll+0x4cec1]


---------------  P R O C E S S  ---------------

Threads class SMR info:
_java_thread_list=0x00007ffecbf53078, length=0, elements={
}

Java Threads: ( => current thread )

Other Threads:
  0x00000268d7997000 GCTaskThread "GC Thread#0" [stack: 0x000000f328300000,0x000000f328400000] [id=1176]

[error occurred during error reporting (printing all threads), id 0xc0000005, EXCEPTION_ACCESS_VIOLATION (0xc0000005) at pc=0x00007ffecb77e220]

VM state:not at safepoint (not fully initialized)

VM Mutex/Monitor currently owned by a thread:  ([mutex/lock_event])
[0x00000268d79608a0] Heap_lock - owner thread: 0x00000268d7964000

Heap address: 0x00000000c3a00000, size: 966 MB, Compressed Oops mode: 32-bit
Narrow klass base: 0x0000000000000000, Narrow klass shift: 0

GC Heap History (0 events):
No events

Deoptimization events (0 events):
No events

Classes unloaded (0 events):
No events

Classes redefined (0 events):
No events

Internal exceptions (0 events):
No events

Events (2 events):
Event: 0.008 Loaded shared library C:\Program Files\Java\jdk-14.0.1\bin\java.dll
Event: 0.008 Loaded shared library C:\Program Files\Java\jdk-14.0.1\bin\zip.dll


Dynamic libraries:
0x00007ff624a70000 - 0x00007ff624a7f000 	C:\Program Files\Java\jdk-14.0.1\bin\javaw.exe
0x00007fff1ffb0000 - 0x00007fff201a5000 	C:\Windows\SYSTEM32\ntdll.dll
0x00007fff1f390000 - 0x00007fff1f44d000 	C:\Windows\System32\KERNEL32.DLL
0x00007fff1d920000 - 0x00007fff1dbe7000 	C:\Windows\System32\KERNELBASE.dll
0x00007fff1d820000 - 0x00007fff1d920000 	C:\Windows\System32\ucrtbase.dll
0x00007fff17b60000 - 0x00007fff17b78000 	C:\Program Files\Java\jdk-14.0.1\bin\jli.dll
0x00007fff1ea70000 - 0x00007fff1eb1a000 	C:\Windows\System32\ADVAPI32.dll
0x00007fff1e420000 - 0x00007fff1e4be000 	C:\Windows\System32\msvcrt.dll
0x00007fff1eb20000 - 0x00007fff1ebbb000 	C:\Windows\System32\sechost.dll
0x00007fff1e8b0000 - 0x00007fff1e9d4000 	C:\Windows\System32\RPCRT4.dll
0x00007fff1e0f0000 - 0x00007fff1e290000 	C:\Windows\System32\USER32.dll
0x00007fff1ded0000 - 0x00007fff1def2000 	C:\Windows\System32\win32u.dll
0x00007fff1fd30000 - 0x00007fff1fd5a000 	C:\Windows\System32\GDI32.dll
0x00007fff1df00000 - 0x00007fff1e009000 	C:\Windows\System32\gdi32full.dll
0x00007fff1dbf0000 - 0x00007fff1dc8d000 	C:\Windows\System32\msvcp_win.dll
0x00007fff15e90000 - 0x00007fff1612b000 	C:\Windows\WinSxS\amd64_microsoft.windows.common-controls_6595b64144ccf1df_6.0.19041.488_none_ca04af081b815d21\COMCTL32.dll
0x00007fff17030000 - 0x00007fff1703a000 	C:\Windows\SYSTEM32\VERSION.dll
0x00007fff17b40000 - 0x00007fff17b55000 	C:\Program Files\Java\jdk-14.0.1\bin\VCRUNTIME140.dll
0x00007fff1e520000 - 0x00007fff1e550000 	C:\Windows\System32\IMM32.DLL
0x00007fff10840000 - 0x00007fff108db000 	C:\Program Files\Java\jdk-14.0.1\bin\msvcp140.dll
0x00007ffecb4d0000 - 0x00007ffecbfee000 	C:\Program Files\Java\jdk-14.0.1\bin\server\jvm.dll
0x00007fff1ee60000 - 0x00007fff1ee68000 	C:\Windows\System32\PSAPI.DLL
0x00007fff085a0000 - 0x00007fff085a9000 	C:\Windows\SYSTEM32\WSOCK32.dll
0x00007fff1edf0000 - 0x00007fff1ee5b000 	C:\Windows\System32\WS2_32.dll
0x00007fff13290000 - 0x00007fff132b7000 	C:\Windows\SYSTEM32\WINMM.dll
0x00007fff1c030000 - 0x00007fff1c043000 	C:\Windows\SYSTEM32\kernel.appcore.dll
0x00007fff12ff0000 - 0x00007fff12ffa000 	C:\Program Files\Java\jdk-14.0.1\bin\jimage.dll
0x00007fff1bcf0000 - 0x00007fff1bed4000 	C:\Windows\SYSTEM32\DBGHELP.DLL
0x00007fff11e20000 - 0x00007fff11e4c000 	C:\Windows\SYSTEM32\dbgcore.DLL
0x00007fff1d750000 - 0x00007fff1d7cf000 	C:\Windows\System32\bcryptPrimitives.dll
0x00007fff0b5f0000 - 0x00007fff0b615000 	C:\Program Files\Java\jdk-14.0.1\bin\java.dll
0x00007fff10350000 - 0x00007fff10366000 	C:\Program Files\Java\jdk-14.0.1\bin\zip.dll

dbghelp: loaded successfully - version: 4.0.5 - missing functions: none
symbol engine: initialized successfully - sym options: 0x614 - pdb path: .;C:\Program Files\Java\jdk-14.0.1\bin;C:\Windows\SYSTEM32;C:\Windows\WinSxS\amd64_microsoft.windows.common-controls_6595b64144ccf1df_6.0.19041.488_none_ca04af081b815d21;C:\Program Files\Java\jdk-14.0.1\bin\server

VM Arguments:
jvm_args: -Dfile.encoding=UTF-8 -XX:+ShowCodeDetailsInExceptionMessages 
java_command: projetoCarrinho.CarrinhoDeCompras
java_class_path (initial): C:\Users\JuniorPC\Desktop\turma11java\java\exercicios\bin
Launcher Type: SUN_STANDARD

[Global flags]
     intx CICompilerCount                          = 3                                         {product} {ergonomic}
     uint ConcGCThreads                            = 1                                         {product} {ergonomic}
     uint G1ConcRefinementThreads                  = 4                                         {product} {ergonomic}
   size_t G1HeapRegionSize                         = 1048576                                   {product} {ergonomic}
    uintx GCDrainStackTargetSize                   = 64                                        {product} {ergonomic}
   size_t InitialHeapSize                          = 65011712                                  {product} {ergonomic}
   size_t MarkStackSize                            = 4194304                                   {product} {ergonomic}
   size_t MaxHeapSize                              = 1012924416                                {product} {ergonomic}
   size_t MinHeapDeltaBytes                        = 1048576                                   {product} {ergonomic}
   size_t MinHeapSize                              = 8388608                                   {product} {ergonomic}
    uintx NonNMethodCodeHeapSize                   = 5832780                                {pd product} {ergonomic}
    uintx NonProfiledCodeHeapSize                  = 122912730                              {pd product} {ergonomic}
    uintx ProfiledCodeHeapSize                     = 122912730                              {pd product} {ergonomic}
    uintx ReservedCodeCacheSize                    = 251658240                              {pd product} {ergonomic}
     bool SegmentedCodeCache                       = true                                      {product} {ergonomic}
     bool ShowCodeDetailsInExceptionMessages       = true                                   {manageable} {command line}
   size_t SoftMaxHeapSize                          = 1012924416                             {manageable} {ergonomic}
     bool UseCompressedClassPointers               = true                                 {lp64_product} {ergonomic}
     bool UseCompressedOops                        = true                                 {lp64_product} {ergonomic}
     bool UseG1GC                                  = true                                      {product} {ergonomic}
     bool UseLargePagesIndividualAllocation        = false                                  {pd product} {ergonomic}

Logging:
Log output configuration:
 #0: stdout all=warning uptime,level,tags
 #1: stderr all=off uptime,level,tags

Environment Variables:
PATH=C:/Program Files/Java/jdk-14.0.1/bin/server;C:/Program Files/Java/jdk-14.0.1/bin;C:\Program Files\Microsoft MPI\Bin\;C:\Windows\system32;C:\Windows;C:\Windows\System32\Wbem;C:\Windows\System32\WindowsPowerShell\v1.0\;C:\Windows\System32\OpenSSH\;C:\Program Files (x86)\Microsoft SQL Server\150\Tools\Binn\;C:\Program Files\Microsoft SQL Server\150\Tools\Binn\;C:\Program Files (x86)\Microsoft SQL Server\150\DTS\Binn\;C:\Program Files\Microsoft SQL Server\150\DTS\Binn\;C:\Program Files\Microsoft SQL Server\Client SDK\ODBC\170\Tools\Binn\;C:\Program Files\Git\cmd;C:\Program Files\nodejs\;C:\Users\JuniorPC\AppData\Local\Microsoft\WindowsApps;C:\Program Files\JetBrains\PyCharm Community Edition 2020.2\bin;C:\Users\JuniorPC\AppData\Local\Programs\Microsoft VS Code\bin;C:\Users\JuniorPC\AppData\Roaming\npm;C:\Users\JuniorPC\AppData\Local\atom\bin;C:\Users\JuniorPC\Desktop;
USERNAME=JuniorPC
OS=Windows_NT
PROCESSOR_IDENTIFIER=Intel64 Family 6 Model 142 Stepping 9, GenuineIntel



---------------  S Y S T E M  ---------------

OS: Windows 10 , 64 bit Build 19041 (10.0.19041.292)
OS uptime: 2 days 23:45 hours

CPU:total 4 (initial active 4) (2 cores per cpu, 2 threads per core) family 6 model 142 stepping 9, cmov, cx8, fxsr, mmx, sse, sse2, sse3, ssse3, sse4.1, sse4.2, popcnt, avx, avx2, aes, clmul, erms, 3dnowpref, lzcnt, ht, tsc, tscinvbit, bmi1, bmi2, adx, fma

Memory: 4k page, system-wide physical 3858M (495M free)
TotalPageFile size 11287M (AvailPageFile size 5M)
current process WorkingSet (physical memory assigned to process): 9M, peak: 9M
current process commit charge ("private bytes"): 48M, peak: 49M

vm_info: Java HotSpot(TM) 64-Bit Server VM (14.0.1+7) for windows-amd64 JRE (14.0.1+7), built on Mar  5 2020 10:30:14 by "mach5one" with MS VC++ 15.9 (VS2017)

END.
